<?xml version="1.0" encoding="UTF-8"?>
<!-- Generated by org.testng.reporters.JUnitReportReporter -->
<testsuite skipped="0" hostname="DESKTOP-BQUFE3F" name="com.scripts.Actitime.Testactitimelogin" tests="1" failures="0" timestamp="04 Jun 2020 14:50:09 GMT" time="2.808" errors="0">
  <testcase name="login" time="2.808" classname="com.scripts.Actitime.Testactitimelogin"/>
</testsuite> <!-- com.scripts.Actitime.Testactitimelogin -->
